<?xml version="1.0" encoding="UTF-8"?>
<testng-results skipped="0" failed="0" total="1" passed="1">
  <reporter-output>
  </reporter-output>
  <suite name="Default suite" duration-ms="503" started-at="2018-11-02T15:44:00Z" finished-at="2018-11-02T15:44:00Z">
    <groups>
    </groups>
    <test name="Default test" duration-ms="503" started-at="2018-11-02T15:44:00Z" finished-at="2018-11-02T15:44:00Z">
      <class name="testcase.TestNGpol">
        <test-method status="PASS" signature="softassert()[pri:0, instance:testcase.TestNGpol@14acaea5]" name="softassert" duration-ms="242" started-at="2018-11-02T21:14:00Z" finished-at="2018-11-02T21:14:00Z">
          <reporter-output>
          </reporter-output>
        </test-method> <!-- softassert -->
      </class> <!-- testcase.TestNGpol -->
    </test> <!-- Default test -->
  </suite> <!-- Default suite -->
</testng-results>
